<?xml version="1.0" encoding="UTF-8"?>
<!-- Generated by org.testng.reporters.JUnitReportReporter -->
<testsuite hostname="DESKTOP-GJTHL7B" failures="0" tests="2" name="TestNG.AssertionExample" time="10.379" errors="0" timestamp="2025-01-04T11:32:25 IST" skipped="0">
  <testcase classname="TestNG.AssertionExample" name="Login" time="8.560"/>
  <testcase classname="TestNG.AssertionExample" name="Logout" time="1.819"/>
</testsuite> <!-- TestNG.AssertionExample -->
