<?xml version="1.0" encoding="UTF-8"?>
<!-- Generated by org.testng.reporters.JUnitReportReporter -->
<testsuite hostname="DESKTOP-GJTHL7B" failures="0" tests="2" name="TestNG.TestNGCrossBrowser" time="5.773" errors="0" timestamp="2024-12-28T11:40:52 IST" skipped="0">
  <testcase classname="TestNG.TestNGCrossBrowser" name="setup" time="2.513"/>
  <testcase classname="TestNG.TestNGCrossBrowser" name="setup" time="3.260"/>
</testsuite> <!-- TestNG.TestNGCrossBrowser -->
